生成启动时间为 2020/11/4 16:00:42。
     1>项目“C:\Users\zhengyun\Documents\Visual Studio 2013\Projects\NVSuperVisor-master\NVSuperVisor\NVSuperVisor.vcxproj”在节点 2 上(Build 个目标)。
     1>ClCompile:
         C:\Program Files (x86)\Microsoft Visual Studio 12.0\VC\bin\CL.exe /c /ZI /nologo /W3 /WX- /Od /Oy- /D WIN32 /D _WINDOWS /D _DEBUG /D _MBCS /D _AFXDLL /Gm /EHsc /RTC1 /MDd /GS /fp:precise /Zc:wchar_t /Zc:forScope /Yu"stdafx.h" /Fp"Debug\NVSuperVisor.pch" /Fo"Debug\\" /Fd"Debug\vc120.pdb" /Gd /TP /analyze- /errorReport:prompt NVSuperVisorDlg.cpp
         NVSuperVisorDlg.cpp
     1>c:\users\zhengyun\documents\visual studio 2013\projects\nvsupervisor-master\nvsupervisor\resource.h(36): warning C4005: “IDCANCEL”: 宏重定义
                 c:\program files (x86)\windows kits\8.1\include\um\winuser.h(10563) : 参见“IDCANCEL”的前一个定义
     1>c:\users\zhengyun\documents\visual studio 2013\projects\nvsupervisor-master\nvsupervisor\nvsupervisordlg.cpp(270): warning C4244: “参数”: 从“double”转换到“int”，可能丢失数据
     1>c:\users\zhengyun\documents\visual studio 2013\projects\nvsupervisor-master\nvsupervisor\nvsupervisordlg.cpp(361): warning C4244: “参数”: 从“double”转换到“int”，可能丢失数据
     1>c:\users\zhengyun\documents\visual studio 2013\projects\nvsupervisor-master\nvsupervisor\nvsupervisordlg.cpp(362): warning C4244: “参数”: 从“double”转换到“int”，可能丢失数据
     1>c:\users\zhengyun\documents\visual studio 2013\projects\nvsupervisor-master\nvsupervisor\nvsupervisordlg.cpp(363): warning C4244: “参数”: 从“double”转换到“int”，可能丢失数据
     1>c:\users\zhengyun\documents\visual studio 2013\projects\nvsupervisor-master\nvsupervisor\nvsupervisordlg.cpp(364): warning C4244: “参数”: 从“double”转换到“int”，可能丢失数据
     1>c:\users\zhengyun\documents\visual studio 2013\projects\nvsupervisor-master\nvsupervisor\nvsupervisordlg.cpp(365): warning C4244: “参数”: 从“double”转换到“int”，可能丢失数据
     1>c:\users\zhengyun\documents\visual studio 2013\projects\nvsupervisor-master\nvsupervisor\nvsupervisordlg.cpp(366): warning C4244: “参数”: 从“double”转换到“int”，可能丢失数据
     1>c:\users\zhengyun\documents\visual studio 2013\projects\nvsupervisor-master\nvsupervisor\nvsupervisordlg.cpp(367): warning C4244: “参数”: 从“double”转换到“int”，可能丢失数据
     1>c:\users\zhengyun\documents\visual studio 2013\projects\nvsupervisor-master\nvsupervisor\nvsupervisordlg.cpp(382): warning C4244: “参数”: 从“double”转换到“int”，可能丢失数据
     1>c:\users\zhengyun\documents\visual studio 2013\projects\nvsupervisor-master\nvsupervisor\nvsupervisordlg.cpp(383): warning C4244: “参数”: 从“double”转换到“int”，可能丢失数据
     1>c:\users\zhengyun\documents\visual studio 2013\projects\nvsupervisor-master\nvsupervisor\nvsupervisordlg.cpp(384): warning C4244: “参数”: 从“double”转换到“int”，可能丢失数据
     1>c:\users\zhengyun\documents\visual studio 2013\projects\nvsupervisor-master\nvsupervisor\nvsupervisordlg.cpp(385): warning C4244: “参数”: 从“double”转换到“int”，可能丢失数据
     1>c:\users\zhengyun\documents\visual studio 2013\projects\nvsupervisor-master\nvsupervisor\nvsupervisordlg.cpp(417): warning C4244: “初始化”: 从“double”转换到“int”，可能丢失数据
     1>c:\users\zhengyun\documents\visual studio 2013\projects\nvsupervisor-master\nvsupervisor\nvsupervisordlg.cpp(418): warning C4244: “初始化”: 从“double”转换到“int”，可能丢失数据
     1>c:\users\zhengyun\documents\visual studio 2013\projects\nvsupervisor-master\nvsupervisor\nvsupervisordlg.cpp(419): warning C4244: “初始化”: 从“double”转换到“int”，可能丢失数据
     1>c:\users\zhengyun\documents\visual studio 2013\projects\nvsupervisor-master\nvsupervisor\nvsupervisordlg.cpp(420): warning C4244: “初始化”: 从“double”转换到“int”，可能丢失数据
     1>c:\users\zhengyun\documents\visual studio 2013\projects\nvsupervisor-master\nvsupervisor\nvsupervisordlg.cpp(421): warning C4244: “初始化”: 从“double”转换到“int”，可能丢失数据
     1>c:\users\zhengyun\documents\visual studio 2013\projects\nvsupervisor-master\nvsupervisor\nvsupervisordlg.cpp(440): warning C4996: 'sprintf': This function or variable may be unsafe. Consider using sprintf_s instead. To disable deprecation, use _CRT_SECURE_NO_WARNINGS. See online help for details.
                 c:\program files (x86)\microsoft visual studio 12.0\vc\include\stdio.h(356) : 参见“sprintf”的声明
     1>c:\users\zhengyun\documents\visual studio 2013\projects\nvsupervisor-master\nvsupervisor\nvsupervisordlg.cpp(835): warning C4996: 'strncpy': This function or variable may be unsafe. Consider using strncpy_s instead. To disable deprecation, use _CRT_SECURE_NO_WARNINGS. See online help for details.
                 c:\program files (x86)\microsoft visual studio 12.0\vc\include\string.h(195) : 参见“strncpy”的声明
     1>c:\users\zhengyun\documents\visual studio 2013\projects\nvsupervisor-master\nvsupervisor\nvsupervisordlg.cpp(956): warning C4101: “m_nWorkbookNumber”: 未引用的局部变量
       Link:
         C:\Program Files (x86)\Microsoft Visual Studio 12.0\VC\bin\link.exe /ERRORREPORT:PROMPT /OUT:"C:\Users\zhengyun\Documents\Visual Studio 2013\Projects\NVSuperVisor-master\Debug\NVSuperVisor.exe" /INCREMENTAL /NOLOGO /MANIFEST /MANIFESTUAC:"level='asInvoker' uiAccess='false'" /manifest:embed /manifestinput:"C:\Program Files (x86)\Microsoft Visual Studio 12.0\VC\Include\Manifest\dpiaware.manifest" /DEBUG /PDB:"C:\Users\zhengyun\Documents\Visual Studio 2013\Projects\NVSuperVisor-master\Debug\NVSuperVisor.pdb" /SUBSYSTEM:WINDOWS /TLBID:1 /DYNAMICBASE /NXCOMPAT /IMPLIB:"C:\Users\zhengyun\Documents\Visual Studio 2013\Projects\NVSuperVisor-master\Debug\NVSuperVisor.lib" /MACHINE:X86 Debug\NVSuperVisor.res
         Debug\CommonFunction.obj
         Debug\IniFileReadWrite.obj
         Debug\InputBox.obj
         Debug\NVSuperVisor.obj
         Debug\NVSuperVisorDlg.obj
         Debug\RemoteDesktop.obj
         Debug\stdafx.obj
         Debug\TcpClient.obj
         Debug\Thread.obj
         Debug\UploadOROSDlg.obj
         Debug\UploadToDataBase.obj
         Debug\WrkList.obj
         NVSuperVisor.vcxproj -> C:\Users\zhengyun\Documents\Visual Studio 2013\Projects\NVSuperVisor-master\Debug\NVSuperVisor.exe
     1>已完成生成项目“C:\Users\zhengyun\Documents\Visual Studio 2013\Projects\NVSuperVisor-master\NVSuperVisor\NVSuperVisor.vcxproj”(Build 个目标)的操作。

生成成功。

已用时间 00:00:01.04
